0 verbose cli [
0 verbose cli   '/opt/nvm/versions/node/v16.6.1/bin/node',
0 verbose cli   '/opt/nvm/versions/node/v16/bin/npm-real',
0 verbose cli   'install'
0 verbose cli ]
1 info using npm@7.20.3
2 info using node@v16.6.1
3 timing npm:load:whichnode Completed in 0ms
4 timing config:load:defaults Completed in 3ms
5 timing config:load:file:/opt/nvm/versions/node/v16.6.1/lib/node_modules/npm/npmrc Completed in 66ms
6 timing config:load:builtin Completed in 66ms
7 timing config:load:cli Completed in 4ms
8 timing config:load:env Completed in 1ms
9 timing config:load:project Completed in 5ms
10 timing config:load:file:/app/.npmrc Completed in 10ms
11 timing config:load:user Completed in 11ms
12 timing config:load:file:/app/!/etc/npmrc Completed in 1ms
13 timing config:load:global Completed in 1ms
14 timing config:load:validate Completed in 0ms
15 timing config:load:credentials Completed in 3ms
16 timing config:load:setEnvs Completed in 2ms
17 timing config:load Completed in 96ms
18 timing npm:load:configload Completed in 96ms
19 timing npm:load:setTitle Completed in 0ms
20 timing npm:load:setupLog Completed in 1ms
21 timing npm:load:cleanupLog Completed in 72ms
22 timing npm:load:configScope Completed in 0ms
23 timing npm:load:projectScope Completed in 1ms
24 timing npm:load Completed in 172ms
25 timing config:load:flatten Completed in 16ms
26 timing arborist:ctor Completed in 1ms
27 timing idealTree Completed in 9ms
28 timing command:install Completed in 54ms
29 verbose stack JSONParseError: Unexpected string in JSON at position 307 while parsing '{
29 verbose stack   "name": "levelbot",
29 verbose stack   "version": "1.'
29 verbose stack     at /opt/nvm/versions/node/v16.6.1/lib/node_modules/npm/node_modules/read-package-json-fast/index.js:6:44
29 verbose stack     at async Arborist.buildIdealTree (/opt/nvm/versions/node/v16.6.1/lib/node_modules/npm/node_modules/@npmcli/arborist/lib/arborist/build-ideal-tree.js:200:7)
29 verbose stack     at async Promise.all (index 1)
29 verbose stack     at async Arborist.reify (/opt/nvm/versions/node/v16.6.1/lib/node_modules/npm/node_modules/@npmcli/arborist/lib/arborist/reify.js:141:5)
29 verbose stack     at async Install.install (/opt/nvm/versions/node/v16.6.1/lib/node_modules/npm/lib/install.js:150:5)
30 verbose cwd /app
31 verbose Linux 4.4.0-1107-aws
32 verbose argv "/opt/nvm/versions/node/v16.6.1/bin/node" "/opt/nvm/versions/node/v16/bin/npm-real" "install"
33 verbose node v16.6.1
34 verbose npm  v7.20.3
35 error code EJSONPARSE
36 error path /app/package.json
37 error JSON.parse Unexpected string in JSON at position 307 while parsing '{
37 error JSON.parse   "name": "levelbot",
37 error JSON.parse   "version": "1.'
38 error JSON.parse Failed to parse JSON data.
38 error JSON.parse Note: package.json must be actual JSON, not just JavaScript.
39 verbose exit 1
